<?xml version="1.0" encoding="UTF-8"?>
<!-- Generated by org.testng.reporters.JUnitXMLReporter -->
<testsuite hostname="A2ML37002" ignored="0" name="Default test" tests="2" failures="0" timestamp="2020-11-19T12:25:37 IST" time="37.786" errors="0">
  <testcase name="runScenario" time="23.056" classname="io.cucumber.testng.AbstractTestNGCucumberTests"/>
  <testcase name="runScenario" time="14.344" classname="io.cucumber.testng.AbstractTestNGCucumberTests"/>
</testsuite> <!-- Default test -->
