<?xml version="1.0" encoding="UTF-8"?>
<testng-results skipped="0" failed="0" ignored="0" total="5" passed="5">
  <reporter-output>
  </reporter-output>
  <suite name="Suite" duration-ms="203877" started-at="2020-11-19T16:21:49 IST" finished-at="2020-11-19T16:25:12 IST">
    <groups>
      <group name="cucumber">
        <method signature="AbstractTestNGCucumberTests.runScenario(io.cucumber.testng.PickleWrapper, io.cucumber.testng.FeatureWrapper)[pri:0, instance:com.org.runner.Runner@27808f31]" name="runScenario" class="io.cucumber.testng.AbstractTestNGCucumberTests"/>
      </group> <!-- cucumber -->
    </groups>
    <test name="Test" duration-ms="203877" started-at="2020-11-19T16:21:49 IST" finished-at="2020-11-19T16:25:12 IST">
      <class name="com.org.runner.Runner">
        <test-method status="PASS" signature="setUpClass()[pri:0, instance:com.org.runner.Runner@27808f31]" name="setUpClass" is-config="true" duration-ms="521" started-at="2020-11-19T16:21:49 IST" finished-at="2020-11-19T16:21:49 IST">
          <reporter-output>
          </reporter-output>
        </test-method> <!-- setUpClass -->
        <test-method status="PASS" signature="runScenario(io.cucumber.testng.PickleWrapper, io.cucumber.testng.FeatureWrapper)[pri:0, instance:com.org.runner.Runner@27808f31]" name="runScenario" duration-ms="45166" started-at="2020-11-19T16:21:49 IST" description="Runs Cucumber Scenarios" data-provider="scenarios" finished-at="2020-11-19T16:22:34 IST">
          <params>
            <param index="0">
              <value>
                <![CDATA["Adding and verifying a user"]]>
              </value>
            </param>
            <param index="1">
              <value>
                <![CDATA["Login into orangeHRM website"]]>
              </value>
            </param>
          </params>
          <reporter-output>
          </reporter-output>
        </test-method> <!-- runScenario -->
        <test-method status="PASS" signature="runScenario(io.cucumber.testng.PickleWrapper, io.cucumber.testng.FeatureWrapper)[pri:0, instance:com.org.runner.Runner@27808f31]" name="runScenario" duration-ms="45000" started-at="2020-11-19T16:22:34 IST" description="Runs Cucumber Scenarios" data-provider="scenarios" finished-at="2020-11-19T16:23:19 IST">
          <params>
            <param index="0">
              <value>
                <![CDATA["Adding and verifying a user"]]>
              </value>
            </param>
            <param index="1">
              <value>
                <![CDATA["Login into orangeHRM website"]]>
              </value>
            </param>
          </params>
          <reporter-output>
          </reporter-output>
        </test-method> <!-- runScenario -->
        <test-method status="PASS" signature="runScenario(io.cucumber.testng.PickleWrapper, io.cucumber.testng.FeatureWrapper)[pri:0, instance:com.org.runner.Runner@27808f31]" name="runScenario" duration-ms="36161" started-at="2020-11-19T16:23:19 IST" description="Runs Cucumber Scenarios" data-provider="scenarios" finished-at="2020-11-19T16:23:55 IST">
          <params>
            <param index="0">
              <value>
                <![CDATA["Adding and verifying a user"]]>
              </value>
            </param>
            <param index="1">
              <value>
                <![CDATA["Login into orangeHRM website"]]>
              </value>
            </param>
          </params>
          <reporter-output>
          </reporter-output>
        </test-method> <!-- runScenario -->
        <test-method status="PASS" signature="runScenario(io.cucumber.testng.PickleWrapper, io.cucumber.testng.FeatureWrapper)[pri:0, instance:com.org.runner.Runner@27808f31]" name="runScenario" duration-ms="36425" started-at="2020-11-19T16:23:55 IST" description="Runs Cucumber Scenarios" data-provider="scenarios" finished-at="2020-11-19T16:24:32 IST">
          <params>
            <param index="0">
              <value>
                <![CDATA["Adding and verifying a user"]]>
              </value>
            </param>
            <param index="1">
              <value>
                <![CDATA["Login into orangeHRM website"]]>
              </value>
            </param>
          </params>
          <reporter-output>
          </reporter-output>
        </test-method> <!-- runScenario -->
        <test-method status="PASS" signature="runScenario(io.cucumber.testng.PickleWrapper, io.cucumber.testng.FeatureWrapper)[pri:0, instance:com.org.runner.Runner@27808f31]" name="runScenario" duration-ms="40111" started-at="2020-11-19T16:24:32 IST" description="Runs Cucumber Scenarios" data-provider="scenarios" finished-at="2020-11-19T16:25:12 IST">
          <params>
            <param index="0">
              <value>
                <![CDATA["Adding and verifying a user"]]>
              </value>
            </param>
            <param index="1">
              <value>
                <![CDATA["Login into orangeHRM website"]]>
              </value>
            </param>
          </params>
          <reporter-output>
          </reporter-output>
        </test-method> <!-- runScenario -->
        <test-method status="PASS" signature="tearDownClass()[pri:0, instance:com.org.runner.Runner@27808f31]" name="tearDownClass" is-config="true" duration-ms="394" started-at="2020-11-19T16:25:12 IST" finished-at="2020-11-19T16:25:12 IST">
          <reporter-output>
          </reporter-output>
        </test-method> <!-- tearDownClass -->
        <test-method status="PASS" signature="generateReport()[pri:0, instance:com.org.runner.Runner@27808f31]" name="generateReport" is-config="true" duration-ms="1986" started-at="2020-11-19T16:25:12 IST" finished-at="2020-11-19T16:25:14 IST">
          <reporter-output>
          </reporter-output>
        </test-method> <!-- generateReport -->
      </class> <!-- com.org.runner.Runner -->
    </test> <!-- Test -->
  </suite> <!-- Suite -->
</testng-results>
